[06-03-2024 11:23:12][INFORMACIÓN] -------------------------
[06-03-2024 11:23:12][INFORMACIÓN] -------------------------
[06-03-2024 11:24:05][INFORMACIÓN] Tarjeta a utilizar: 6554
[06-03-2024 11:24:05][INFORMACIÓN] URL seleccionada: 10.10.1.7 (PRODUCCIÓN)
[06-03-2024 11:24:05][INFORMACIÓN] Intentando obtener el token de autenticación...
[06-03-2024 11:24:06][INFORMACIÓN] Token extraído correctamente.
[06-03-2024 11:24:06][INFORMACIÓN] Analizando tarjeta 6554...
[06-03-2024 11:24:06][INFORMACIÓN] Intentando conectar con la tarjeta: 6554
[06-03-2024 11:24:06][INFORMACIÓN] Consulta realizada exitosamente. Código de autorización: 00
[06-03-2024 11:24:48][INFORMACIÓN] -------------------------
[06-03-2024 11:24:48][INFORMACIÓN] -------------------------
[06-03-2024 11:25:00][INFORMACIÓN] Tarjeta a utilizar: 6554
[06-03-2024 11:25:00][INFORMACIÓN] URL seleccionada: 10.10.1.7 (PRODUCCIÓN)
[06-03-2024 11:25:00][INFORMACIÓN] Intentando obtener el token de autenticación...
[06-03-2024 11:25:00][INFORMACIÓN] Token extraído correctamente.
[06-03-2024 11:25:00][INFORMACIÓN] Analizando tarjeta 6554...
[06-03-2024 11:25:00][INFORMACIÓN] Intentando conectar con la tarjeta: 6554
[06-03-2024 11:25:00][INFORMACIÓN] Consulta realizada exitosamente. Código de autorización: 00
[06-03-2024 11:37:15][INFORMACIÓN] -------------------------
[06-03-2024 11:37:15][INFORMACIÓN] -------------------------
[06-03-2024 11:37:35][INFORMACIÓN] Tarjeta a utilizar: 1646
[06-03-2024 11:37:35][INFORMACIÓN] URL seleccionada: 10.10.1.7 (PRODUCCIÓN)
[06-03-2024 11:37:35][INFORMACIÓN] Intentando obtener el token de autenticación...
[06-03-2024 11:37:35][INFORMACIÓN] Token extraído correctamente.
[06-03-2024 11:37:35][INFORMACIÓN] Analizando tarjeta 1646...
[06-03-2024 11:37:35][INFORMACIÓN] RESPONSE: {"index":0,"sorting":null,"enableSorting":true,"numberRowsVisualized":2,"totalNumberRows":2,"data":[{"productDescription":"CHIP CREDITO CLASICA","customerId":733736,"firstName":"PAOLA","enabledUsePersonalDataDate":"2017-08-28 00:00:00","sex":"F","accountClass":"CREDIT","plasticCardStatus":"ACTIVE","identificationTypeId":3,"productClass":"C","cardType":"M","customerSegmentDescription":"CLIENTE P.H.","customerClass":"P","cardId":"6620010257951646","lastName2":"GRAJALES","lastName1":"HERRERA","birthDate":"1977-06-11 00:00:00","celphoneNumber":"5530457420","lastEmailAddress":"POCHOL11@YAHOO.COM","identificationNumber":"HEGP770611","customerType":"C","productId":10,"accountId":536913,"maritalStatus":"M","plasticCardBillingLevel":1,"cardProfileDescription":"Vcto. :60 /  Renov :60 /  Permite Renov :T","customerSegmentId":1,"merchantInd":"F","aliasName":"PAOLA HERRERA GRAJALES","cardProfileId":1,"identificationTypeDescription":"R.F.C."},{"productDescription":"CREDITO CLASICA","customerId":733736,"firstName":"PAOLA","enabledUsePersonalDataDate":"2017-08-28 00:00:00","sex":"F","accountClass":"LOYALTY","plasticCardStatus":"CANCEL","identificationTypeId":3,"productClass":"C","cardType":"M","customerSegmentDescription":"CLIENTE P.H.","customerClass":"P","cardId":"6520010243289615","lastName2":"GRAJALES","lastName1":"HERRERA","birthDate":"1977-06-11 00:00:00","celphoneNumber":"5530457420","lastEmailAddress":"POCHOL11@YAHOO.COM","identificationNumber":"HEGP770611","customerType":"C","productId":2,"accountId":3590856,"maritalStatus":"M","plasticCardBillingLevel":1,"customerSegmentId":1,"merchantInd":"F","aliasName":"PAOLA HERRERA GRAJALES","identificationTypeDescription":"R.F.C."}],"totalizedColumns":null}
[06-03-2024 11:37:35][INFORMACIÓN] Intentando conectar con la tarjeta: 1646
[06-03-2024 11:37:35][INFORMACIÓN] Consulta realizada exitosamente. Código de autorización: 00
[06-03-2024 11:38:43][INFORMACIÓN] Tarjeta a utilizar: 1653
[06-03-2024 11:38:43][INFORMACIÓN] URL seleccionada: 10.10.1.7 (PRODUCCIÓN)
[06-03-2024 11:38:43][INFORMACIÓN] Intentando obtener el token de autenticación...
[06-03-2024 11:38:43][INFORMACIÓN] Token extraído correctamente.
[06-03-2024 11:38:43][INFORMACIÓN] Analizando tarjeta 1653...
[06-03-2024 11:38:43][INFORMACIÓN] RESPONSE: {"index":0,"sorting":null,"enableSorting":true,"numberRowsVisualized":2,"totalNumberRows":2,"data":[{"productDescription":"CHIP CREDITO CLASICA","customerId":2661078,"firstName":"INGRID ROSSANA","enabledUsePersonalDataDate":"2017-08-28 00:00:00","sex":"F","accountClass":"CREDIT","plasticCardStatus":"ACTIVE","identificationTypeId":3,"productClass":"C","cardType":"M","customerSegmentDescription":"CLIENTE P.H.","customerClass":"P","cardId":"6620010257951653","lastName2":"GONZALEZ","lastName1":"NAYEN","birthDate":"1985-11-06 00:00:00","celphoneNumber":"2291376397","lastEmailAddress":"ingrid_nayen@hotmail.com","identificationNumber":"NAGI851106","customerType":"C","productId":10,"accountId":1450335,"maritalStatus":"S","plasticCardBillingLevel":1,"cardProfileDescription":"Vcto. :60 /  Renov :60 /  Permite Renov :T","customerSegmentId":1,"merchantInd":"F","aliasName":"INGRID ROSSANA NAYEN GONZALEZ","cardProfileId":1,"identificationTypeDescription":"R.F.C."},{"productDescription":"CREDITO CLASICA","customerId":2661078,"firstName":"INGRID ROSSANA","enabledUsePersonalDataDate":"2017-08-28 00:00:00","sex":"F","accountClass":"LOYALTY","plasticCardStatus":"CANCEL","identificationTypeId":3,"productClass":"C","cardType":"M","customerSegmentDescription":"CLIENTE P.H.","customerClass":"P","cardId":"6520010233055778","lastName2":"GONZALEZ","lastName1":"NAYEN","birthDate":"1985-11-06 00:00:00","celphoneNumber":"2291376397","lastEmailAddress":"ingrid_nayen@hotmail.com","identificationNumber":"NAGI851106","customerType":"C","productId":2,"accountId":4321147,"maritalStatus":"S","customerSegmentId":1,"merchantInd":"F","aliasName":"INGRID ROSSANA NAYEN GONZALEZ","identificationTypeDescription":"R.F.C."}],"totalizedColumns":null}
[06-03-2024 11:38:43][INFORMACIÓN] Intentando conectar con la tarjeta: 1653
[06-03-2024 11:38:43][INFORMACIÓN] Consulta realizada exitosamente. Código de autorización: 00
[06-03-2024 11:39:53][INFORMACIÓN] Tarjeta a utilizar: 1661
[06-03-2024 11:39:53][INFORMACIÓN] URL seleccionada: 10.10.1.7 (PRODUCCIÓN)
[06-03-2024 11:39:53][INFORMACIÓN] Intentando obtener el token de autenticación...
[06-03-2024 11:39:54][INFORMACIÓN] Token extraído correctamente.
[06-03-2024 11:39:54][INFORMACIÓN] Analizando tarjeta 1661...
[06-03-2024 11:39:54][INFORMACIÓN] RESPONSE: {"index":0,"sorting":null,"enableSorting":true,"numberRowsVisualized":2,"totalNumberRows":2,"data":[{"productDescription":"CHIP CREDITO CLASICA","customerId":3757500,"firstName":"CRUZ","enabledUsePersonalDataDate":"2021-06-27 00:00:00","sex":"F","accountClass":"CREDIT","plasticCardStatus":"ACTIVE","identificationTypeId":3,"productClass":"C","cardType":"M","customerSegmentDescription":"CLIENTE P.H.","customerClass":"P","cardId":"6620010257951661","lastName2":"SAN PEDRO","lastName1":"MORALES","birthDate":"1967-05-03 00:00:00","celphoneNumber":"2215962264","lastEmailAddress":"meidi.msp3@gmail.com","identificationNumber":"MOSC670503SB1","customerType":"C","productId":10,"accountId":14282926,"maritalStatus":"D","plasticCardBillingLevel":1,"cardProfileDescription":"Vcto. :60 /  Renov :60 /  Permite Renov :T","customerSegmentId":1,"merchantInd":"F","aliasName":"CRUZ MORALES SAN PEDRO","cardProfileId":1,"identificationTypeDescription":"R.F.C."},{"productDescription":"CHIP CREDITO CLASICA","customerId":3757500,"firstName":"CRUZ","enabledUsePersonalDataDate":"2021-06-27 00:00:00","sex":"F","accountClass":"LOYALTY","plasticCardStatus":"ACTIVE","identificationTypeId":3,"productClass":"C","cardType":"M","customerSegmentDescription":"CLIENTE P.H.","customerClass":"P","cardId":"6620010257951661","lastName2":"SAN PEDRO","lastName1":"MORALES","birthDate":"1967-05-03 00:00:00","celphoneNumber":"2215962264","lastEmailAddress":"meidi.msp3@gmail.com","identificationNumber":"MOSC670503SB1","customerType":"C","productId":10,"accountId":14365226,"maritalStatus":"D","plasticCardBillingLevel":1,"cardProfileDescription":"Vcto. :60 /  Renov :60 /  Permite Renov :T","customerSegmentId":1,"merchantInd":"F","aliasName":"CRUZ MORALES SAN PEDRO","cardProfileId":1,"identificationTypeDescription":"R.F.C."}],"totalizedColumns":null}
[06-03-2024 11:39:54][INFORMACIÓN] Intentando conectar con la tarjeta: 1661
[06-03-2024 11:39:54][INFORMACIÓN] Consulta realizada exitosamente. Código de autorización: 00
[06-03-2024 11:40:44][INFORMACIÓN] Tarjeta a utilizar: 1801
[06-03-2024 11:40:44][INFORMACIÓN] URL seleccionada: 10.10.1.7 (PRODUCCIÓN)
[06-03-2024 11:40:44][INFORMACIÓN] Intentando obtener el token de autenticación...
[06-03-2024 11:40:44][INFORMACIÓN] Token extraído correctamente.
[06-03-2024 11:40:44][INFORMACIÓN] Analizando tarjeta 1801...
[06-03-2024 11:40:44][INFORMACIÓN] RESPONSE: {"index":0,"sorting":null,"enableSorting":true,"numberRowsVisualized":0,"totalNumberRows":0,"data":[],"totalizedColumns":null}
[06-03-2024 11:40:44][ERROR] Error 93 TARJETA INVÁLIDA java.lang.Exception: Tarjeta no encontrada.
[06-03-2024 11:40:44][ERROR] Error 93 TARJETA INVÁLIDA java.lang.Exception
[06-03-2024 11:40:44][ERROR] Error 90 SIN CONEXIÓN java.lang.Exception
[06-03-2024 11:40:44][ERROR] Error al conectar a la URL: 10.10.1.7 (PRODUCCIÓN)
[06-03-2024 11:41:06][INFORMACIÓN] Tarjeta a utilizar: 1685
[06-03-2024 11:41:06][INFORMACIÓN] URL seleccionada: 10.10.1.7 (PRODUCCIÓN)
[06-03-2024 11:41:06][INFORMACIÓN] Intentando obtener el token de autenticación...
[06-03-2024 11:41:06][INFORMACIÓN] Token extraído correctamente.
[06-03-2024 11:41:06][INFORMACIÓN] Analizando tarjeta 1685...
[06-03-2024 11:41:07][INFORMACIÓN] RESPONSE: {"index":0,"sorting":null,"enableSorting":true,"numberRowsVisualized":0,"totalNumberRows":0,"data":[],"totalizedColumns":null}
[06-03-2024 11:41:07][ERROR] Error 93 TARJETA INVÁLIDA java.lang.Exception: Tarjeta no encontrada.
[06-03-2024 11:41:07][ERROR] Error 93 TARJETA INVÁLIDA java.lang.Exception
[06-03-2024 11:41:07][ERROR] Error 90 SIN CONEXIÓN java.lang.Exception
[06-03-2024 11:41:07][ERROR] Error al conectar a la URL: 10.10.1.7 (PRODUCCIÓN)
[06-03-2024 11:41:11][INFORMACIÓN] Tarjeta a utilizar: 1685
[06-03-2024 11:41:11][INFORMACIÓN] URL seleccionada: 10.10.1.7 (PRODUCCIÓN)
[06-03-2024 11:41:11][INFORMACIÓN] Intentando obtener el token de autenticación...
[06-03-2024 11:41:11][INFORMACIÓN] Token extraído correctamente.
[06-03-2024 11:41:11][INFORMACIÓN] Analizando tarjeta 1685...
[06-03-2024 11:41:11][INFORMACIÓN] RESPONSE: {"index":0,"sorting":null,"enableSorting":true,"numberRowsVisualized":0,"totalNumberRows":0,"data":[],"totalizedColumns":null}
[06-03-2024 11:41:11][ERROR] Error 93 TARJETA INVÁLIDA java.lang.Exception: Tarjeta no encontrada.
[06-03-2024 11:41:11][ERROR] Error 93 TARJETA INVÁLIDA java.lang.Exception
[06-03-2024 11:41:11][ERROR] Error 90 SIN CONEXIÓN java.lang.Exception
[06-03-2024 11:41:11][ERROR] Error al conectar a la URL: 10.10.1.7 (PRODUCCIÓN)
[06-03-2024 11:41:32][INFORMACIÓN] Tarjeta a utilizar: 1737
[06-03-2024 11:41:32][INFORMACIÓN] URL seleccionada: 10.10.1.7 (PRODUCCIÓN)
[06-03-2024 11:41:32][INFORMACIÓN] Intentando obtener el token de autenticación...
[06-03-2024 11:41:32][INFORMACIÓN] Token extraído correctamente.
[06-03-2024 11:41:32][INFORMACIÓN] Analizando tarjeta 1737...
[06-03-2024 11:41:33][INFORMACIÓN] RESPONSE: {"index":0,"sorting":null,"enableSorting":true,"numberRowsVisualized":3,"totalNumberRows":3,"data":[{"productDescription":"CHIP CREDITO CLASICA","customerId":626986,"firstName":"LETICIA","enabledUsePersonalDataDate":"2017-08-28 00:00:00","sex":"F","accountClass":"CREDIT","plasticCardStatus":"ACTIVE","identificationTypeId":3,"productClass":"C","cardType":"M","customerSegmentDescription":"CLIENTE P.H.","customerClass":"P","cardId":"6620010268011984","lastName2":"HERNANDEZ","lastName1":"MEDINA","birthDate":"1961-10-17 00:00:00","celphoneNumber":"5543490673","lastEmailAddress":"leticiamhdz@gmail.com","identificationNumber":"MEHL611017","customerType":"C","productId":10,"accountId":475993,"maritalStatus":"M","plasticCardBillingLevel":2,"cardProfileDescription":"Vcto. :60 /  Renov :60 /  Permite Renov :T","customerSegmentId":1,"merchantInd":"F","aliasName":"LETICIA MEDINA HERNANDEZ","cardProfileId":1,"identificationTypeDescription":"R.F.C."},{"productDescription":"CREDITO CLASICA","customerId":626986,"firstName":"LETICIA","enabledUsePersonalDataDate":"2017-08-28 00:00:00","sex":"F","accountClass":"LOYALTY","plasticCardStatus":"CANCEL","identificationTypeId":3,"productClass":"C","cardType":"M","customerSegmentDescription":"CLIENTE P.H.","customerClass":"P","cardId":"6520010244870975","lastName2":"HERNANDEZ","lastName1":"MEDINA","birthDate":"1961-10-17 00:00:00","celphoneNumber":"5543490673","lastEmailAddress":"leticiamhdz@gmail.com","identificationNumber":"MEHL611017","customerType":"C","productId":2,"accountId":4994446,"maritalStatus":"M","plasticCardBillingLevel":4,"customerSegmentId":1,"merchantInd":"F","aliasName":"LETICIA MEDINA HERNANDEZ","identificationTypeDescription":"R.F.C."},{"productDescription":"CREDITO CLASICA","customerId":626986,"firstName":"LETICIA","enabledUsePersonalDataDate":"2017-08-28 00:00:00","sex":"F","accountClass":"LOYALTY","plasticCardStatus":"CANCEL","identificationTypeId":3,"productClass":"C","cardType":"M","customerSegmentDescription":"CLIENTE P.H.","customerClass":"P","cardId":"6520010244870975","lastName2":"HERNANDEZ","lastName1":"MEDINA","birthDate":"1961-10-17 00:00:00","celphoneNumber":"5543490673","lastEmailAddress":"leticiamhdz@gmail.com","identificationNumber":"MEHL611017","customerType":"C","productId":2,"accountId":4154297,"maritalStatus":"M","plasticCardBillingLevel":4,"customerSegmentId":1,"merchantInd":"F","aliasName":"LETICIA MEDINA HERNANDEZ","identificationTypeDescription":"R.F.C."}],"totalizedColumns":null}
[06-03-2024 11:41:33][INFORMACIÓN] Intentando conectar con la tarjeta: 1984
[06-03-2024 11:41:33][INFORMACIÓN] Consulta realizada exitosamente. Código de autorización: 00
[06-03-2024 11:42:07][INFORMACIÓN] Tarjeta a utilizar: 1745
[06-03-2024 11:42:07][INFORMACIÓN] URL seleccionada: 10.10.1.7 (PRODUCCIÓN)
[06-03-2024 11:42:07][INFORMACIÓN] Intentando obtener el token de autenticación...
[06-03-2024 11:42:07][INFORMACIÓN] Token extraído correctamente.
[06-03-2024 11:42:07][INFORMACIÓN] Analizando tarjeta 1745...
[06-03-2024 11:42:07][INFORMACIÓN] RESPONSE: {"index":0,"sorting":null,"enableSorting":true,"numberRowsVisualized":2,"totalNumberRows":2,"data":[{"productDescription":"CHIP CREDITO CLASICA","customerId":3003619,"firstName":"MINERVA","enabledUsePersonalDataDate":"2017-08-28 00:00:00","sex":"F","accountClass":"CREDIT","plasticCardStatus":"ACTIVE","identificationTypeId":3,"productClass":"C","cardType":"M","customerSegmentDescription":"CLIENTE P.H.","customerClass":"P","cardId":"6620010257951745","lastName2":"GARDUÑO","lastName1":"CALDERON","birthDate":"1989-04-14 00:00:00","celphoneNumber":"5562550600","lastEmailAddress":"calderon_minerva@hotmail.com","identificationNumber":"CAGM8904146R0","customerType":"C","productId":10,"accountId":1656543,"maritalStatus":"S","plasticCardBillingLevel":1,"cardProfileDescription":"Vcto. :60 /  Renov :60 /  Permite Renov :T","customerSegmentId":1,"merchantInd":"F","aliasName":"MINERVA CALDERON GARDUÑO","cardProfileId":1,"identificationTypeDescription":"R.F.C."},{"productDescription":"CREDITO CLASICA","customerId":3003619,"firstName":"MINERVA","enabledUsePersonalDataDate":"2017-08-28 00:00:00","sex":"F","accountClass":"LOYALTY","plasticCardStatus":"CANCEL","identificationTypeId":3,"productClass":"C","cardType":"M","customerSegmentDescription":"CLIENTE P.H.","customerClass":"P","cardId":"6520010238221938","lastName2":"GARDUÑO","lastName1":"CALDERON","birthDate":"1989-04-14 00:00:00","celphoneNumber":"5562550600","lastEmailAddress":"calderon_minerva@hotmail.com","identificationNumber":"CAGM8904146R0","customerType":"C","productId":2,"accountId":3544974,"maritalStatus":"S","plasticCardBillingLevel":1,"customerSegmentId":1,"merchantInd":"F","aliasName":"MINERVA CALDERON GARDUÑO","identificationTypeDescription":"R.F.C."}],"totalizedColumns":null}
[06-03-2024 11:42:07][INFORMACIÓN] Intentando conectar con la tarjeta: 1745
[06-03-2024 11:42:07][INFORMACIÓN] Consulta realizada exitosamente. Código de autorización: 00
[06-03-2024 11:42:41][INFORMACIÓN] Tarjeta a utilizar: 2648
[06-03-2024 11:42:41][INFORMACIÓN] URL seleccionada: 10.10.1.7 (PRODUCCIÓN)
[06-03-2024 11:42:41][INFORMACIÓN] Intentando obtener el token de autenticación...
[06-03-2024 11:42:41][INFORMACIÓN] Token extraído correctamente.
[06-03-2024 11:42:41][INFORMACIÓN] Analizando tarjeta 2648...
[06-03-2024 11:42:41][INFORMACIÓN] RESPONSE: {"index":0,"sorting":null,"enableSorting":true,"numberRowsVisualized":5,"totalNumberRows":5,"data":[{"productDescription":"CHIP CREDITO CLASICA","customerId":3016578,"firstName":"MARIA ISABEL","enabledUsePersonalDataDate":"2017-08-28 00:00:00","sex":"F","accountClass":"CREDIT","plasticCardStatus":"ACTIVE","identificationTypeId":3,"productClass":"C","cardType":"A","customerSegmentDescription":"CLIENTE P.H.","customerClass":"P","cardId":"6620010268642648","lastName2":"RAMIREZ","lastName1":"ALVARADO","birthDate":"1966-09-19 00:00:00","celphoneNumber":"5528986123","identificationNumber":"AARI660919","customerType":"C","productId":10,"accountId":273544,"plasticCardBillingLevel":1,"cardProfileDescription":"Vcto. :60 /  Renov :60 /  Permite Renov :T","customerSegmentId":1,"merchantInd":"F","aliasName":"MARIA ISABEL ALVARADO RAMIREZ","cardProfileId":1,"identificationTypeDescription":"R.F.C."},{"productDescription":"CREDITO CLASICA","customerId":3016578,"firstName":"MARIA ISABEL","enabledUsePersonalDataDate":"2017-08-28 00:00:00","sex":"F","accountClass":"CREDIT","plasticCardStatus":"CANCEL","identificationTypeId":3,"productClass":"C","cardType":"A","customerSegmentDescription":"CLIENTE P.H.","customerClass":"P","cardId":"6520010238201682","lastName2":"RAMIREZ","lastName1":"ALVARADO","birthDate":"1966-09-19 00:00:00","celphoneNumber":"5528986123","identificationNumber":"AARI660919","customerType":"C","productId":2,"accountId":273544,"plasticCardBillingLevel":1,"cardProfileDescription":"Vcto. :60 /  Renov :60 /  Permite Renov :T","customerSegmentId":1,"merchantInd":"F","aliasName":"MARIA ISABEL ALVARADO RAMIREZ","cardProfileId":1,"identificationTypeDescription":"R.F.C."},{"productDescription":"CHIP CREDITO CLASICA","customerId":3016578,"firstName":"MARIA ISABEL","enabledUsePersonalDataDate":"2017-08-28 00:00:00","sex":"F","accountClass":"CREDIT","plasticCardStatus":"CANCEL","identificationTypeId":3,"productClass":"C","cardType":"A","customerSegmentDescription":"CLIENTE P.H.","customerClass":"P","cardId":"6620010251897571","lastName2":"RAMIREZ","lastName1":"ALVARADO","birthDate":"1966-09-19 00:00:00","celphoneNumber":"5528986123","identificationNumber":"AARI660919","customerType":"C","productId":10,"accountId":273544,"plasticCardBillingLevel":2,"cardProfileDescription":"Vcto. :60 /  Renov :60 /  Permite Renov :T","customerSegmentId":1,"merchantInd":"F","aliasName":"MARIA ISABEL ALVARADO RAMIREZ","cardProfileId":1,"identificationTypeDescription":"R.F.C."},{"productDescription":"CREDITO CLASICA","customerId":3016578,"firstName":"MARIA ISABEL","enabledUsePersonalDataDate":"2017-08-28 00:00:00","sex":"F","accountClass":"CREDIT","plasticCardStatus":"CANCEL","identificationTypeId":3,"productClass":"C","cardType":"A","customerSegmentDescription":"CLIENTE P.H.","customerClass":"P","cardId":"6520010240805975","lastName2":"RAMIREZ","lastName1":"ALVARADO","birthDate":"1966-09-19 00:00:00","celphoneNumber":"5528986123","identificationNumber":"AARI660919","customerType":"C","productId":2,"accountId":273544,"plasticCardBillingLevel":2,"cardProfileDescription":"Vcto. :60 /  Renov :60 /  Permite Renov :T","customerSegmentId":1,"merchantInd":"F","aliasName":"MARIA ISABEL ALVARADO RAMIREZ","cardProfileId":1,"identificationTypeDescription":"R.F.C."},{"productDescription":"CREDITO CLASICA","customerId":3016578,"firstName":"MARIA ISABEL","enabledUsePersonalDataDate":"2017-08-28 00:00:00","sex":"F","accountClass":"CREDIT","plasticCardStatus":"CANCEL","identificationTypeId":3,"productClass":"C","cardType":"A","customerSegmentDescription":"CLIENTE P.H.","customerClass":"P","cardId":"6520010240881943","lastName2":"RAMIREZ","lastName1":"ALVARADO","birthDate":"1966-09-19 00:00:00","celphoneNumber":"5528986123","identificationNumber":"AARI660919","customerType":"C","productId":2,"accountId":273544,"plasticCardBillingLevel":2,"cardProfileDescription":"Vcto. :60 /  Renov :60 /  Permite Renov :T","customerSegmentId":1,"merchantInd":"F","aliasName":"MARIA ISABEL ALVARADO RAMIREZ","cardProfileId":1,"identificationTypeDescription":"R.F.C."}],"totalizedColumns":null}
[06-03-2024 11:42:41][INFORMACIÓN] Intentando conectar con la tarjeta: 2648
[06-03-2024 11:42:42][INFORMACIÓN] Consulta realizada exitosamente. Código de autorización: 00
[06-03-2024 11:43:27][INFORMACIÓN] Tarjeta a utilizar: 6554
[06-03-2024 11:43:27][INFORMACIÓN] URL seleccionada: 10.10.1.7 (PRODUCCIÓN)
[06-03-2024 11:43:27][INFORMACIÓN] Intentando obtener el token de autenticación...
[06-03-2024 11:43:27][INFORMACIÓN] Token extraído correctamente.
[06-03-2024 11:43:27][INFORMACIÓN] Analizando tarjeta 6554...
[06-03-2024 11:43:27][INFORMACIÓN] RESPONSE: {"index":0,"sorting":null,"enableSorting":true,"numberRowsVisualized":3,"totalNumberRows":3,"data":[{"productDescription":"CHIP CREDITO CLASICA","customerId":111859,"firstName":"GUILLERMO","enabledUsePersonalDataDate":"2017-08-28 00:00:00","sex":"M","accountClass":"CREDIT","plasticCardStatus":"CANCEL","identificationTypeId":3,"productClass":"C","cardType":"M","customerSegmentDescription":"CLIENTE P.H.","customerClass":"P","cardId":"6620010269336554","lastName2":"YAÑEZ","lastName1":"ESTRADA","birthDate":"1955-06-26 00:00:00","celphoneNumber":"5541904165","lastEmailAddress":"arq.guillermoestrada@hotmail.com","identificationNumber":"EAYG550626","customerType":"C","productId":10,"accountId":111859,"plasticCardBillingLevel":5,"cardProfileDescription":"Vcto. :60 /  Renov :60 /  Permite Renov :T","customerSegmentId":1,"merchantInd":"F","aliasName":"GUILLERMO ESTRADA YAÑEZ","cardProfileId":1,"identificationTypeDescription":"R.F.C."},{"productDescription":"CREDITO CLASICA","customerId":111859,"firstName":"GUILLERMO","enabledUsePersonalDataDate":"2017-08-28 00:00:00","sex":"M","accountClass":"LOYALTY","plasticCardStatus":"CANCEL","identificationTypeId":3,"productClass":"C","cardType":"M","customerSegmentDescription":"CLIENTE P.H.","customerClass":"P","cardId":"6520010244674278","lastName2":"YAÑEZ","lastName1":"ESTRADA","birthDate":"1955-06-26 00:00:00","celphoneNumber":"5541904165","lastEmailAddress":"arq.guillermoestrada@hotmail.com","identificationNumber":"EAYG550626","customerType":"C","productId":2,"accountId":3719892,"plasticCardBillingLevel":2,"customerSegmentId":1,"merchantInd":"F","aliasName":"GUILLERMO ESTRADA YAÑEZ","identificationTypeDescription":"R.F.C."},{"productDescription":"CREDITO CLASICA","customerId":111859,"firstName":"GUILLERMO","enabledUsePersonalDataDate":"2017-08-28 00:00:00","sex":"M","accountClass":"LOYALTY","plasticCardStatus":"CANCEL","identificationTypeId":3,"productClass":"C","cardType":"M","customerSegmentDescription":"CLIENTE P.H.","customerClass":"P","cardId":"6520010244674278","lastName2":"YAÑEZ","lastName1":"ESTRADA","birthDate":"1955-06-26 00:00:00","celphoneNumber":"5541904165","lastEmailAddress":"arq.guillermoestrada@hotmail.com","identificationNumber":"EAYG550626","customerType":"C","productId":2,"accountId":4201131,"plasticCardBillingLevel":2,"customerSegmentId":1,"merchantInd":"F","aliasName":"GUILLERMO ESTRADA YAÑEZ","identificationTypeDescription":"R.F.C."}],"totalizedColumns":null}
[06-03-2024 11:43:27][INFORMACIÓN] Intentando conectar con la tarjeta: 6554
[06-03-2024 11:43:27][INFORMACIÓN] Consulta realizada exitosamente. Código de autorización: 00
