[01-03-2024 09:11:17][INFORMACIÓN] -------------------------
[01-03-2024 09:11:17][INFORMACIÓN] -------------------------
[01-03-2024 09:11:31][INFORMACIÓN] Tarjeta a utilizar: 2213
[01-03-2024 09:11:31][INFORMACIÓN] URL seleccionada: 10.10.208.36 (DESARROLLO)
[01-03-2024 09:11:31][INFORMACIÓN] Intentando obtener el token de autenticación...
[01-03-2024 09:11:52][ERROR] Error 90 SIN CONEXIÓN: java.net.ConnectException: Connection timed out: connect
[01-03-2024 09:11:52][ERROR] Token no obtenido.
[01-03-2024 09:13:57][INFORMACIÓN] -------------------------
[01-03-2024 09:13:57][INFORMACIÓN] -------------------------
[01-03-2024 09:14:12][ERROR] Dígitos de tarjeta insuficientes.
[01-03-2024 09:14:16][INFORMACIÓN] Tarjeta a utilizar: 3445
[01-03-2024 09:14:17][INFORMACIÓN] URL seleccionada: 10.10.208.36 (DESARROLLO)
[01-03-2024 09:14:17][INFORMACIÓN] Intentando obtener el token de autenticación...
[01-03-2024 09:14:38][ERROR] Error 90 SIN CONEXIÓN: java.net.ConnectException: Connection timed out: connect
[01-03-2024 09:14:38][ERROR] Token no obtenido.
[01-03-2024 11:35:08][INFORMACIÓN] -------------------------
[01-03-2024 11:35:08][INFORMACIÓN] -------------------------
[01-03-2024 11:37:57][INFORMACIÓN] Tarjeta a utilizar: 5725
[01-03-2024 11:37:57][INFORMACIÓN] URL seleccionada: 10.10.1.7 (PRODUCCIÓN)
[01-03-2024 11:37:57][INFORMACIÓN] Intentando obtener el token de autenticación...
[01-03-2024 11:37:58][INFORMACIÓN] Token extraído correctamente.
[01-03-2024 11:37:58][INFORMACIÓN] Tarjeta a utilizar: 5725
[01-03-2024 11:38:00][ERROR] Error 92 CAMPO NO ENCONTRADO: com.google.gson.JsonSyntaxException: com.google.gson.stream.MalformedJsonException: Use JsonReader.setLenient(true) to accept malformed JSON at line 1 column 4 path $
[01-03-2024 11:38:00][ERROR] Error 93 TARJETA INVÁLIDA: java.lang.Exception
[01-03-2024 11:38:00][ERROR] Error 90 SIN CONEXIÓN: java.lang.Exception
[01-03-2024 11:38:00][ERROR] Error al conectar a la URL: 10.10.1.7 (PRODUCCIÓN)
[01-03-2024 12:02:52][INFORMACIÓN] -------------------------
[01-03-2024 12:02:52][INFORMACIÓN] -------------------------
[01-03-2024 12:03:00][INFORMACIÓN] Tarjeta a utilizar: 5725
[01-03-2024 12:03:00][INFORMACIÓN] URL seleccionada: 10.10.1.7 (PRODUCCIÓN)
[01-03-2024 12:03:00][INFORMACIÓN] Intentando obtener el token de autenticación...
[01-03-2024 12:03:00][INFORMACIÓN] Token extraído correctamente.
[01-03-2024 12:03:00][INFORMACIÓN] Tarjeta a utilizar: 5725
[01-03-2024 12:03:02][INFORMACIÓN] Json de respuesta: {"index":0,"sorting":null,"enableSorting":true,"numberRowsVisualized":6,"totalNumberRows":6,"data":[{"productDescription":"CREDITO CLASICA","customerId":430878,"firstName":"CARLOS","enabledUsePersonalDataDate":"2017-08-28 00:00:00","sex":"F","accountClass":"CREDIT","plasticCardStatus":"CANCEL","identificationTypeId":3,"productClass":"C","cardType":"A","customerSegmentDescription":"CLIENTE P.H.","customerClass":"P","cardId":"6520010241890398","lastName2":"MUÑOZ","lastName1":"SALGADO","birthDate":"1969-12-04 00:00:00","celphoneNumber":"5517849955","lastEmailAddress":"ANTTONIOMONTANNA@HOTMAIL.COM","identificationNumber":"SAMC691204","customerType":"C","productId":2,"accountId":861881,"maritalStatus":"M","plasticCardBillingLevel":2,"cardProfileDescription":"Vcto. :60 /  Renov :60 /  Permite Renov :T","customerSegmentId":1,"merchantInd":"F","aliasName":"CARLOS SALGADO MUÑOZ","cardProfileId":1,"identificationTypeDescription":"R.F.C."},{"productDescription":"CREDITO CLASICA","customerId":430878,"firstName":"CARLOS","enabledUsePersonalDataDate":"2017-08-28 00:00:00","sex":"F","accountClass":"CREDIT","plasticCardStatus":"CANCEL","identificationTypeId":3,"productClass":"C","cardType":"A","customerSegmentDescription":"CLIENTE P.H.","customerClass":"P","cardId":"6520010240811999","lastName2":"MUÑOZ","lastName1":"SALGADO","birthDate":"1969-12-04 00:00:00","celphoneNumber":"5517849955","lastEmailAddress":"ANTTONIOMONTANNA@HOTMAIL.COM","identificationNumber":"SAMC691204","customerType":"C","productId":2,"accountId":861881,"maritalStatus":"M","plasticCardBillingLevel":2,"cardProfileDescription":"Vcto. :60 /  Renov :60 /  Permite Renov :T","customerSegmentId":1,"merchantInd":"F","aliasName":"CARLOS SALGADO MUÑOZ","cardProfileId":1,"identificationTypeDescription":"R.F.C."},{"productDescription":"CREDITO CLASICA","customerId":430878,"firstName":"CARLOS","enabledUsePersonalDataDate":"2017-08-28 00:00:00","sex":"F","accountClass":"CREDIT","plasticCardStatus":"ACTIVE","identificationTypeId":3,"productClass":"C","cardType":"A","customerSegmentDescription":"CLIENTE P.H.","customerClass":"P","cardId":"6520010231078996","lastName2":"MUÑOZ","lastName1":"SALGADO","birthDate":"1969-12-04 00:00:00","celphoneNumber":"5517849955","lastEmailAddress":"ANTTONIOMONTANNA@HOTMAIL.COM","identificationNumber":"SAMC691204","customerType":"C","productId":2,"accountId":1067712,"maritalStatus":"M","plasticCardBillingLevel":1,"cardProfileDescription":"Vcto. :60 /  Renov :60 /  Permite Renov :T","customerSegmentId":1,"merchantInd":"F","aliasName":"CARLOS SALGADO MUÑOZ","cardProfileId":1,"identificationTypeDescription":"R.F.C."},{"productDescription":"CREDITO CLASICA","customerId":430878,"firstName":"CARLOS","enabledUsePersonalDataDate":"2017-08-28 00:00:00","sex":"F","accountClass":"CREDIT","plasticCardStatus":"CANCEL","identificationTypeId":3,"productClass":"C","cardType":"A","customerSegmentDescription":"CLIENTE P.H.","customerClass":"P","cardId":"6520010238035429","lastName2":"MUÑOZ","lastName1":"SALGADO","birthDate":"1969-12-04 00:00:00","celphoneNumber":"5517849955","lastEmailAddress":"ANTTONIOMONTANNA@HOTMAIL.COM","identificationNumber":"SAMC691204","customerType":"C","productId":2,"accountId":861881,"maritalStatus":"M","plasticCardBillingLevel":1,"cardProfileDescription":"Vcto. :60 /  Renov :60 /  Permite Renov :T","customerSegmentId":1,"merchantInd":"F","aliasName":"CARLOS SALGADO MUÑOZ","cardProfileId":1,"identificationTypeDescription":"R.F.C."},{"productDescription":"CHIP CREDITO CLASICA","customerId":430878,"firstName":"CARLOS","enabledUsePersonalDataDate":"2017-08-28 00:00:00","sex":"F","accountClass":"CREDIT","plasticCardStatus":"CANCEL","identificationTypeId":3,"productClass":"C","cardType":"A","customerSegmentDescription":"CLIENTE P.H.","customerClass":"P","cardId":"6620010250485725","lastName2":"MUÑOZ","lastName1":"SALGADO","birthDate":"1969-12-04 00:00:00","celphoneNumber":"5517849955","lastEmailAddress":"ANTTONIOMONTANNA@HOTMAIL.COM","identificationNumber":"SAMC691204","customerType":"C","productId":10,"accountId":861881,"maritalStatus":"M","plasticCardBillingLevel":2,"cardProfileDescription":"Vcto. :60 /  Renov :60 /  Permite Renov :T","customerSegmentId":1,"merchantInd":"F","aliasName":"CARLOS SALGADO MUÑOZ","cardProfileId":1,"identificationTypeDescription":"R.F.C."},{"productDescription":"CHIP CREDITO CLASICA","customerId":430878,"firstName":"CARLOS","enabledUsePersonalDataDate":"2017-08-28 00:00:00","sex":"F","accountClass":"CREDIT","plasticCardStatus":"ACTIVE","identificationTypeId":3,"productClass":"C","cardType":"A","customerSegmentDescription":"CLIENTE P.H.","customerClass":"P","cardId":"6620010270296987","lastName2":"MUÑOZ","lastName1":"SALGADO","birthDate":"1969-12-04 00:00:00","celphoneNumber":"5517849955","lastEmailAddress":"ANTTONIOMONTANNA@HOTMAIL.COM","identificationNumber":"SAMC691204","customerType":"C","productId":10,"accountId":861881,"maritalStatus":"M","plasticCardBillingLevel":2,"cardProfileDescription":"Vcto. :60 /  Renov :60 /  Permite Renov :T","customerSegmentId":1,"merchantInd":"F","aliasName":"CARLOS SALGADO MUÑOZ","cardProfileId":1,"identificationTypeDescription":"R.F.C."}],"totalizedColumns":null}
[01-03-2024 12:03:02][INFORMACIÓN] cardId objeto 1 = 6520010241890398
[01-03-2024 12:03:02][INFORMACIÓN] cardId objeto 2 = 6520010240811999
[01-03-2024 12:03:02][INFORMACIÓN] cardId objeto 3 = 6520010231078996
[01-03-2024 12:03:02][INFORMACIÓN] cardId objeto 4 = 6520010238035429
[01-03-2024 12:03:02][INFORMACIÓN] cardId objeto 5 = 6620010250485725
[01-03-2024 12:03:02][INFORMACIÓN] cardId objeto 6 = 6620010270296987
[01-03-2024 12:03:02][INFORMACIÓN] Intentando conectar a la URL seleccionada...
[01-03-2024 12:03:02][ERROR] Error 93 TARJETA INVÁLIDA: java.lang.NullPointerException
[01-03-2024 12:03:02][INFORMACIÓN] Código de autorización: 0
[01-03-2024 12:15:46][INFORMACIÓN] -------------------------
[01-03-2024 12:15:46][INFORMACIÓN] -------------------------
[01-03-2024 12:15:58][INFORMACIÓN] Tarjeta a utilizar: 5725
[01-03-2024 12:15:58][INFORMACIÓN] URL seleccionada: 10.10.1.7 (PRODUCCIÓN)
[01-03-2024 12:15:58][INFORMACIÓN] Intentando obtener el token de autenticación...
[01-03-2024 12:15:58][INFORMACIÓN] Token extraído correctamente.
[01-03-2024 12:15:58][INFORMACIÓN] Tarjeta a utilizar: 5725
[01-03-2024 12:15:58][INFORMACIÓN] Json de respuesta: {"index":0,"sorting":null,"enableSorting":true,"numberRowsVisualized":6,"totalNumberRows":6,"data":[{"productDescription":"CREDITO CLASICA","customerId":430878,"firstName":"CARLOS","enabledUsePersonalDataDate":"2017-08-28 00:00:00","sex":"F","accountClass":"CREDIT","plasticCardStatus":"CANCEL","identificationTypeId":3,"productClass":"C","cardType":"A","customerSegmentDescription":"CLIENTE P.H.","customerClass":"P","cardId":"6520010241890398","lastName2":"MUÑOZ","lastName1":"SALGADO","birthDate":"1969-12-04 00:00:00","celphoneNumber":"5517849955","lastEmailAddress":"ANTTONIOMONTANNA@HOTMAIL.COM","identificationNumber":"SAMC691204","customerType":"C","productId":2,"accountId":861881,"maritalStatus":"M","plasticCardBillingLevel":2,"cardProfileDescription":"Vcto. :60 /  Renov :60 /  Permite Renov :T","customerSegmentId":1,"merchantInd":"F","aliasName":"CARLOS SALGADO MUÑOZ","cardProfileId":1,"identificationTypeDescription":"R.F.C."},{"productDescription":"CREDITO CLASICA","customerId":430878,"firstName":"CARLOS","enabledUsePersonalDataDate":"2017-08-28 00:00:00","sex":"F","accountClass":"CREDIT","plasticCardStatus":"CANCEL","identificationTypeId":3,"productClass":"C","cardType":"A","customerSegmentDescription":"CLIENTE P.H.","customerClass":"P","cardId":"6520010240811999","lastName2":"MUÑOZ","lastName1":"SALGADO","birthDate":"1969-12-04 00:00:00","celphoneNumber":"5517849955","lastEmailAddress":"ANTTONIOMONTANNA@HOTMAIL.COM","identificationNumber":"SAMC691204","customerType":"C","productId":2,"accountId":861881,"maritalStatus":"M","plasticCardBillingLevel":2,"cardProfileDescription":"Vcto. :60 /  Renov :60 /  Permite Renov :T","customerSegmentId":1,"merchantInd":"F","aliasName":"CARLOS SALGADO MUÑOZ","cardProfileId":1,"identificationTypeDescription":"R.F.C."},{"productDescription":"CREDITO CLASICA","customerId":430878,"firstName":"CARLOS","enabledUsePersonalDataDate":"2017-08-28 00:00:00","sex":"F","accountClass":"CREDIT","plasticCardStatus":"ACTIVE","identificationTypeId":3,"productClass":"C","cardType":"A","customerSegmentDescription":"CLIENTE P.H.","customerClass":"P","cardId":"6520010231078996","lastName2":"MUÑOZ","lastName1":"SALGADO","birthDate":"1969-12-04 00:00:00","celphoneNumber":"5517849955","lastEmailAddress":"ANTTONIOMONTANNA@HOTMAIL.COM","identificationNumber":"SAMC691204","customerType":"C","productId":2,"accountId":1067712,"maritalStatus":"M","plasticCardBillingLevel":1,"cardProfileDescription":"Vcto. :60 /  Renov :60 /  Permite Renov :T","customerSegmentId":1,"merchantInd":"F","aliasName":"CARLOS SALGADO MUÑOZ","cardProfileId":1,"identificationTypeDescription":"R.F.C."},{"productDescription":"CREDITO CLASICA","customerId":430878,"firstName":"CARLOS","enabledUsePersonalDataDate":"2017-08-28 00:00:00","sex":"F","accountClass":"CREDIT","plasticCardStatus":"CANCEL","identificationTypeId":3,"productClass":"C","cardType":"A","customerSegmentDescription":"CLIENTE P.H.","customerClass":"P","cardId":"6520010238035429","lastName2":"MUÑOZ","lastName1":"SALGADO","birthDate":"1969-12-04 00:00:00","celphoneNumber":"5517849955","lastEmailAddress":"ANTTONIOMONTANNA@HOTMAIL.COM","identificationNumber":"SAMC691204","customerType":"C","productId":2,"accountId":861881,"maritalStatus":"M","plasticCardBillingLevel":1,"cardProfileDescription":"Vcto. :60 /  Renov :60 /  Permite Renov :T","customerSegmentId":1,"merchantInd":"F","aliasName":"CARLOS SALGADO MUÑOZ","cardProfileId":1,"identificationTypeDescription":"R.F.C."},{"productDescription":"CHIP CREDITO CLASICA","customerId":430878,"firstName":"CARLOS","enabledUsePersonalDataDate":"2017-08-28 00:00:00","sex":"F","accountClass":"CREDIT","plasticCardStatus":"CANCEL","identificationTypeId":3,"productClass":"C","cardType":"A","customerSegmentDescription":"CLIENTE P.H.","customerClass":"P","cardId":"6620010250485725","lastName2":"MUÑOZ","lastName1":"SALGADO","birthDate":"1969-12-04 00:00:00","celphoneNumber":"5517849955","lastEmailAddress":"ANTTONIOMONTANNA@HOTMAIL.COM","identificationNumber":"SAMC691204","customerType":"C","productId":10,"accountId":861881,"maritalStatus":"M","plasticCardBillingLevel":2,"cardProfileDescription":"Vcto. :60 /  Renov :60 /  Permite Renov :T","customerSegmentId":1,"merchantInd":"F","aliasName":"CARLOS SALGADO MUÑOZ","cardProfileId":1,"identificationTypeDescription":"R.F.C."},{"productDescription":"CHIP CREDITO CLASICA","customerId":430878,"firstName":"CARLOS","enabledUsePersonalDataDate":"2017-08-28 00:00:00","sex":"F","accountClass":"CREDIT","plasticCardStatus":"ACTIVE","identificationTypeId":3,"productClass":"C","cardType":"A","customerSegmentDescription":"CLIENTE P.H.","customerClass":"P","cardId":"6620010270296987","lastName2":"MUÑOZ","lastName1":"SALGADO","birthDate":"1969-12-04 00:00:00","celphoneNumber":"5517849955","lastEmailAddress":"ANTTONIOMONTANNA@HOTMAIL.COM","identificationNumber":"SAMC691204","customerType":"C","productId":10,"accountId":861881,"maritalStatus":"M","plasticCardBillingLevel":2,"cardProfileDescription":"Vcto. :60 /  Renov :60 /  Permite Renov :T","customerSegmentId":1,"merchantInd":"F","aliasName":"CARLOS SALGADO MUÑOZ","cardProfileId":1,"identificationTypeDescription":"R.F.C."}],"totalizedColumns":null}
[01-03-2024 12:15:58][INFORMACIÓN] cardId objeto 1 = CANCEL
[01-03-2024 12:15:58][INFORMACIÓN] cardId objeto 2 = CANCEL
[01-03-2024 12:15:58][INFORMACIÓN] cardId objeto 3 = ACTIVE
[01-03-2024 12:15:58][INFORMACIÓN] cardId objeto 4 = CANCEL
[01-03-2024 12:15:58][INFORMACIÓN] cardId objeto 5 = CANCEL
[01-03-2024 12:15:58][INFORMACIÓN] cardId objeto 6 = ACTIVE
[01-03-2024 12:15:58][INFORMACIÓN] Intentando conectar a la URL seleccionada...
[01-03-2024 12:15:58][ERROR] Error 93 TARJETA INVÁLIDA: java.lang.NullPointerException
[01-03-2024 12:15:58][INFORMACIÓN] Código de autorización: 0
[01-03-2024 12:25:11][INFORMACIÓN] -------------------------
[01-03-2024 12:25:11][INFORMACIÓN] -------------------------
[01-03-2024 12:25:18][INFORMACIÓN] Tarjeta a utilizar: 5725
[01-03-2024 12:25:18][INFORMACIÓN] URL seleccionada: 10.10.1.7 (PRODUCCIÓN)
[01-03-2024 12:25:18][INFORMACIÓN] Intentando obtener el token de autenticación...
[01-03-2024 12:25:39][ERROR] Error 90 SIN CONEXIÓN: java.net.ConnectException: Connection timed out: connect
[01-03-2024 12:25:39][ERROR] Token no obtenido.
[01-03-2024 13:54:28][INFORMACIÓN] -------------------------
[01-03-2024 13:54:28][INFORMACIÓN] -------------------------
[01-03-2024 13:57:21][INFORMACIÓN] -------------------------
[01-03-2024 13:57:21][INFORMACIÓN] -------------------------
[01-03-2024 13:57:38][INFORMACIÓN] Tarjeta a utilizar: 5725
[01-03-2024 13:57:38][INFORMACIÓN] URL seleccionada: 10.10.1.7 (PRODUCCIÓN)
[01-03-2024 13:57:38][INFORMACIÓN] Intentando obtener el token de autenticación...
[01-03-2024 13:57:59][ERROR] Error 90 SIN CONEXIÓN: java.net.ConnectException: Connection timed out: connect
[01-03-2024 13:57:59][ERROR] Token no obtenido.
[01-03-2024 13:58:31][INFORMACIÓN] -------------------------
[01-03-2024 13:58:31][INFORMACIÓN] -------------------------
[01-03-2024 13:58:36][INFORMACIÓN] Tarjeta a utilizar: 5725
[01-03-2024 13:58:36][INFORMACIÓN] URL seleccionada: 10.10.1.7 (PRODUCCIÓN)
[01-03-2024 13:58:36][INFORMACIÓN] Intentando obtener el token de autenticación...
[01-03-2024 13:58:37][INFORMACIÓN] Token extraído correctamente.
[01-03-2024 13:58:37][INFORMACIÓN] Tarjeta a utilizar: 5725
[01-03-2024 13:58:38][INFORMACIÓN] Json de respuesta: {"index":0,"sorting":null,"enableSorting":true,"numberRowsVisualized":6,"totalNumberRows":6,"data":[{"productDescription":"CREDITO CLASICA","customerId":430878,"firstName":"CARLOS","enabledUsePersonalDataDate":"2017-08-28 00:00:00","sex":"F","accountClass":"CREDIT","plasticCardStatus":"CANCEL","identificationTypeId":3,"productClass":"C","cardType":"A","customerSegmentDescription":"CLIENTE P.H.","customerClass":"P","cardId":"6520010241890398","lastName2":"MUÑOZ","lastName1":"SALGADO","birthDate":"1969-12-04 00:00:00","celphoneNumber":"5517849955","lastEmailAddress":"ANTTONIOMONTANNA@HOTMAIL.COM","identificationNumber":"SAMC691204","customerType":"C","productId":2,"accountId":861881,"maritalStatus":"M","plasticCardBillingLevel":2,"cardProfileDescription":"Vcto. :60 /  Renov :60 /  Permite Renov :T","customerSegmentId":1,"merchantInd":"F","aliasName":"CARLOS SALGADO MUÑOZ","cardProfileId":1,"identificationTypeDescription":"R.F.C."},{"productDescription":"CREDITO CLASICA","customerId":430878,"firstName":"CARLOS","enabledUsePersonalDataDate":"2017-08-28 00:00:00","sex":"F","accountClass":"CREDIT","plasticCardStatus":"CANCEL","identificationTypeId":3,"productClass":"C","cardType":"A","customerSegmentDescription":"CLIENTE P.H.","customerClass":"P","cardId":"6520010240811999","lastName2":"MUÑOZ","lastName1":"SALGADO","birthDate":"1969-12-04 00:00:00","celphoneNumber":"5517849955","lastEmailAddress":"ANTTONIOMONTANNA@HOTMAIL.COM","identificationNumber":"SAMC691204","customerType":"C","productId":2,"accountId":861881,"maritalStatus":"M","plasticCardBillingLevel":2,"cardProfileDescription":"Vcto. :60 /  Renov :60 /  Permite Renov :T","customerSegmentId":1,"merchantInd":"F","aliasName":"CARLOS SALGADO MUÑOZ","cardProfileId":1,"identificationTypeDescription":"R.F.C."},{"productDescription":"CREDITO CLASICA","customerId":430878,"firstName":"CARLOS","enabledUsePersonalDataDate":"2017-08-28 00:00:00","sex":"F","accountClass":"CREDIT","plasticCardStatus":"ACTIVE","identificationTypeId":3,"productClass":"C","cardType":"A","customerSegmentDescription":"CLIENTE P.H.","customerClass":"P","cardId":"6520010231078996","lastName2":"MUÑOZ","lastName1":"SALGADO","birthDate":"1969-12-04 00:00:00","celphoneNumber":"5517849955","lastEmailAddress":"ANTTONIOMONTANNA@HOTMAIL.COM","identificationNumber":"SAMC691204","customerType":"C","productId":2,"accountId":1067712,"maritalStatus":"M","plasticCardBillingLevel":1,"cardProfileDescription":"Vcto. :60 /  Renov :60 /  Permite Renov :T","customerSegmentId":1,"merchantInd":"F","aliasName":"CARLOS SALGADO MUÑOZ","cardProfileId":1,"identificationTypeDescription":"R.F.C."},{"productDescription":"CREDITO CLASICA","customerId":430878,"firstName":"CARLOS","enabledUsePersonalDataDate":"2017-08-28 00:00:00","sex":"F","accountClass":"CREDIT","plasticCardStatus":"CANCEL","identificationTypeId":3,"productClass":"C","cardType":"A","customerSegmentDescription":"CLIENTE P.H.","customerClass":"P","cardId":"6520010238035429","lastName2":"MUÑOZ","lastName1":"SALGADO","birthDate":"1969-12-04 00:00:00","celphoneNumber":"5517849955","lastEmailAddress":"ANTTONIOMONTANNA@HOTMAIL.COM","identificationNumber":"SAMC691204","customerType":"C","productId":2,"accountId":861881,"maritalStatus":"M","plasticCardBillingLevel":1,"cardProfileDescription":"Vcto. :60 /  Renov :60 /  Permite Renov :T","customerSegmentId":1,"merchantInd":"F","aliasName":"CARLOS SALGADO MUÑOZ","cardProfileId":1,"identificationTypeDescription":"R.F.C."},{"productDescription":"CHIP CREDITO CLASICA","customerId":430878,"firstName":"CARLOS","enabledUsePersonalDataDate":"2017-08-28 00:00:00","sex":"F","accountClass":"CREDIT","plasticCardStatus":"CANCEL","identificationTypeId":3,"productClass":"C","cardType":"A","customerSegmentDescription":"CLIENTE P.H.","customerClass":"P","cardId":"6620010250485725","lastName2":"MUÑOZ","lastName1":"SALGADO","birthDate":"1969-12-04 00:00:00","celphoneNumber":"5517849955","lastEmailAddress":"ANTTONIOMONTANNA@HOTMAIL.COM","identificationNumber":"SAMC691204","customerType":"C","productId":10,"accountId":861881,"maritalStatus":"M","plasticCardBillingLevel":2,"cardProfileDescription":"Vcto. :60 /  Renov :60 /  Permite Renov :T","customerSegmentId":1,"merchantInd":"F","aliasName":"CARLOS SALGADO MUÑOZ","cardProfileId":1,"identificationTypeDescription":"R.F.C."},{"productDescription":"CHIP CREDITO CLASICA","customerId":430878,"firstName":"CARLOS","enabledUsePersonalDataDate":"2017-08-28 00:00:00","sex":"F","accountClass":"CREDIT","plasticCardStatus":"ACTIVE","identificationTypeId":3,"productClass":"C","cardType":"A","customerSegmentDescription":"CLIENTE P.H.","customerClass":"P","cardId":"6620010270296987","lastName2":"MUÑOZ","lastName1":"SALGADO","birthDate":"1969-12-04 00:00:00","celphoneNumber":"5517849955","lastEmailAddress":"ANTTONIOMONTANNA@HOTMAIL.COM","identificationNumber":"SAMC691204","customerType":"C","productId":10,"accountId":861881,"maritalStatus":"M","plasticCardBillingLevel":2,"cardProfileDescription":"Vcto. :60 /  Renov :60 /  Permite Renov :T","customerSegmentId":1,"merchantInd":"F","aliasName":"CARLOS SALGADO MUÑOZ","cardProfileId":1,"identificationTypeDescription":"R.F.C."}],"totalizedColumns":null}
[01-03-2024 13:58:38][INFORMACIÓN] Tarjeta activa principal no existente. 
 Intentando con el siguiente nivel...
[01-03-2024 13:58:38][INFORMACIÓN] Intentando conectar a la URL seleccionada...
[01-03-2024 13:58:38][ERROR] Error 93 TARJETA INVÁLIDA: java.lang.NullPointerException
[01-03-2024 13:58:38][INFORMACIÓN] Código de autorización: 0
[01-03-2024 14:03:00][INFORMACIÓN] -------------------------
[01-03-2024 14:03:00][INFORMACIÓN] -------------------------
[01-03-2024 14:03:16][INFORMACIÓN] Tarjeta a utilizar: 5725
[01-03-2024 14:03:16][INFORMACIÓN] URL seleccionada: 10.10.1.7 (PRODUCCIÓN)
[01-03-2024 14:03:16][INFORMACIÓN] Intentando obtener el token de autenticación...
[01-03-2024 14:03:16][INFORMACIÓN] Token extraído correctamente.
[01-03-2024 14:03:16][INFORMACIÓN] Tarjeta a utilizar: 5725
[01-03-2024 14:03:18][INFORMACIÓN] Json de respuesta: {"index":0,"sorting":null,"enableSorting":true,"numberRowsVisualized":6,"totalNumberRows":6,"data":[{"productDescription":"CREDITO CLASICA","customerId":430878,"firstName":"CARLOS","enabledUsePersonalDataDate":"2017-08-28 00:00:00","sex":"F","accountClass":"CREDIT","plasticCardStatus":"CANCEL","identificationTypeId":3,"productClass":"C","cardType":"A","customerSegmentDescription":"CLIENTE P.H.","customerClass":"P","cardId":"6520010241890398","lastName2":"MUÑOZ","lastName1":"SALGADO","birthDate":"1969-12-04 00:00:00","celphoneNumber":"5517849955","lastEmailAddress":"ANTTONIOMONTANNA@HOTMAIL.COM","identificationNumber":"SAMC691204","customerType":"C","productId":2,"accountId":861881,"maritalStatus":"M","plasticCardBillingLevel":2,"cardProfileDescription":"Vcto. :60 /  Renov :60 /  Permite Renov :T","customerSegmentId":1,"merchantInd":"F","aliasName":"CARLOS SALGADO MUÑOZ","cardProfileId":1,"identificationTypeDescription":"R.F.C."},{"productDescription":"CREDITO CLASICA","customerId":430878,"firstName":"CARLOS","enabledUsePersonalDataDate":"2017-08-28 00:00:00","sex":"F","accountClass":"CREDIT","plasticCardStatus":"CANCEL","identificationTypeId":3,"productClass":"C","cardType":"A","customerSegmentDescription":"CLIENTE P.H.","customerClass":"P","cardId":"6520010240811999","lastName2":"MUÑOZ","lastName1":"SALGADO","birthDate":"1969-12-04 00:00:00","celphoneNumber":"5517849955","lastEmailAddress":"ANTTONIOMONTANNA@HOTMAIL.COM","identificationNumber":"SAMC691204","customerType":"C","productId":2,"accountId":861881,"maritalStatus":"M","plasticCardBillingLevel":2,"cardProfileDescription":"Vcto. :60 /  Renov :60 /  Permite Renov :T","customerSegmentId":1,"merchantInd":"F","aliasName":"CARLOS SALGADO MUÑOZ","cardProfileId":1,"identificationTypeDescription":"R.F.C."},{"productDescription":"CREDITO CLASICA","customerId":430878,"firstName":"CARLOS","enabledUsePersonalDataDate":"2017-08-28 00:00:00","sex":"F","accountClass":"CREDIT","plasticCardStatus":"ACTIVE","identificationTypeId":3,"productClass":"C","cardType":"A","customerSegmentDescription":"CLIENTE P.H.","customerClass":"P","cardId":"6520010231078996","lastName2":"MUÑOZ","lastName1":"SALGADO","birthDate":"1969-12-04 00:00:00","celphoneNumber":"5517849955","lastEmailAddress":"ANTTONIOMONTANNA@HOTMAIL.COM","identificationNumber":"SAMC691204","customerType":"C","productId":2,"accountId":1067712,"maritalStatus":"M","plasticCardBillingLevel":1,"cardProfileDescription":"Vcto. :60 /  Renov :60 /  Permite Renov :T","customerSegmentId":1,"merchantInd":"F","aliasName":"CARLOS SALGADO MUÑOZ","cardProfileId":1,"identificationTypeDescription":"R.F.C."},{"productDescription":"CREDITO CLASICA","customerId":430878,"firstName":"CARLOS","enabledUsePersonalDataDate":"2017-08-28 00:00:00","sex":"F","accountClass":"CREDIT","plasticCardStatus":"CANCEL","identificationTypeId":3,"productClass":"C","cardType":"A","customerSegmentDescription":"CLIENTE P.H.","customerClass":"P","cardId":"6520010238035429","lastName2":"MUÑOZ","lastName1":"SALGADO","birthDate":"1969-12-04 00:00:00","celphoneNumber":"5517849955","lastEmailAddress":"ANTTONIOMONTANNA@HOTMAIL.COM","identificationNumber":"SAMC691204","customerType":"C","productId":2,"accountId":861881,"maritalStatus":"M","plasticCardBillingLevel":1,"cardProfileDescription":"Vcto. :60 /  Renov :60 /  Permite Renov :T","customerSegmentId":1,"merchantInd":"F","aliasName":"CARLOS SALGADO MUÑOZ","cardProfileId":1,"identificationTypeDescription":"R.F.C."},{"productDescription":"CHIP CREDITO CLASICA","customerId":430878,"firstName":"CARLOS","enabledUsePersonalDataDate":"2017-08-28 00:00:00","sex":"F","accountClass":"CREDIT","plasticCardStatus":"CANCEL","identificationTypeId":3,"productClass":"C","cardType":"A","customerSegmentDescription":"CLIENTE P.H.","customerClass":"P","cardId":"6620010250485725","lastName2":"MUÑOZ","lastName1":"SALGADO","birthDate":"1969-12-04 00:00:00","celphoneNumber":"5517849955","lastEmailAddress":"ANTTONIOMONTANNA@HOTMAIL.COM","identificationNumber":"SAMC691204","customerType":"C","productId":10,"accountId":861881,"maritalStatus":"M","plasticCardBillingLevel":2,"cardProfileDescription":"Vcto. :60 /  Renov :60 /  Permite Renov :T","customerSegmentId":1,"merchantInd":"F","aliasName":"CARLOS SALGADO MUÑOZ","cardProfileId":1,"identificationTypeDescription":"R.F.C."},{"productDescription":"CHIP CREDITO CLASICA","customerId":430878,"firstName":"CARLOS","enabledUsePersonalDataDate":"2017-08-28 00:00:00","sex":"F","accountClass":"CREDIT","plasticCardStatus":"ACTIVE","identificationTypeId":3,"productClass":"C","cardType":"A","customerSegmentDescription":"CLIENTE P.H.","customerClass":"P","cardId":"6620010270296987","lastName2":"MUÑOZ","lastName1":"SALGADO","birthDate":"1969-12-04 00:00:00","celphoneNumber":"5517849955","lastEmailAddress":"ANTTONIOMONTANNA@HOTMAIL.COM","identificationNumber":"SAMC691204","customerType":"C","productId":10,"accountId":861881,"maritalStatus":"M","plasticCardBillingLevel":2,"cardProfileDescription":"Vcto. :60 /  Renov :60 /  Permite Renov :T","customerSegmentId":1,"merchantInd":"F","aliasName":"CARLOS SALGADO MUÑOZ","cardProfileId":1,"identificationTypeDescription":"R.F.C."}],"totalizedColumns":null}
[01-03-2024 14:03:18][INFORMACIÓN] Tarjeta activa principal no existente. Intentando con el siguiente nivel...
[01-03-2024 14:03:18][INFORMACIÓN] Intentando conectar a la URL seleccionada...
[01-03-2024 14:03:18][ERROR] Error 93 TARJETA INVÁLIDA: java.lang.NullPointerException
[01-03-2024 14:03:18][INFORMACIÓN] Código de autorización: 0
[01-03-2024 14:05:28][INFORMACIÓN] -------------------------
[01-03-2024 14:05:28][INFORMACIÓN] -------------------------
[01-03-2024 14:05:35][INFORMACIÓN] Tarjeta a utilizar: 5725
[01-03-2024 14:05:35][INFORMACIÓN] URL seleccionada: 10.10.1.7 (PRODUCCIÓN)
[01-03-2024 14:05:35][INFORMACIÓN] Intentando obtener el token de autenticación...
[01-03-2024 14:05:35][INFORMACIÓN] Token extraído correctamente.
[01-03-2024 14:05:35][INFORMACIÓN] Tarjeta a utilizar: 5725
[01-03-2024 14:05:35][INFORMACIÓN] Json de respuesta: {"index":0,"sorting":null,"enableSorting":true,"numberRowsVisualized":6,"totalNumberRows":6,"data":[{"productDescription":"CREDITO CLASICA","customerId":430878,"firstName":"CARLOS","enabledUsePersonalDataDate":"2017-08-28 00:00:00","sex":"F","accountClass":"CREDIT","plasticCardStatus":"CANCEL","identificationTypeId":3,"productClass":"C","cardType":"A","customerSegmentDescription":"CLIENTE P.H.","customerClass":"P","cardId":"6520010241890398","lastName2":"MUÑOZ","lastName1":"SALGADO","birthDate":"1969-12-04 00:00:00","celphoneNumber":"5517849955","lastEmailAddress":"ANTTONIOMONTANNA@HOTMAIL.COM","identificationNumber":"SAMC691204","customerType":"C","productId":2,"accountId":861881,"maritalStatus":"M","plasticCardBillingLevel":2,"cardProfileDescription":"Vcto. :60 /  Renov :60 /  Permite Renov :T","customerSegmentId":1,"merchantInd":"F","aliasName":"CARLOS SALGADO MUÑOZ","cardProfileId":1,"identificationTypeDescription":"R.F.C."},{"productDescription":"CREDITO CLASICA","customerId":430878,"firstName":"CARLOS","enabledUsePersonalDataDate":"2017-08-28 00:00:00","sex":"F","accountClass":"CREDIT","plasticCardStatus":"CANCEL","identificationTypeId":3,"productClass":"C","cardType":"A","customerSegmentDescription":"CLIENTE P.H.","customerClass":"P","cardId":"6520010240811999","lastName2":"MUÑOZ","lastName1":"SALGADO","birthDate":"1969-12-04 00:00:00","celphoneNumber":"5517849955","lastEmailAddress":"ANTTONIOMONTANNA@HOTMAIL.COM","identificationNumber":"SAMC691204","customerType":"C","productId":2,"accountId":861881,"maritalStatus":"M","plasticCardBillingLevel":2,"cardProfileDescription":"Vcto. :60 /  Renov :60 /  Permite Renov :T","customerSegmentId":1,"merchantInd":"F","aliasName":"CARLOS SALGADO MUÑOZ","cardProfileId":1,"identificationTypeDescription":"R.F.C."},{"productDescription":"CREDITO CLASICA","customerId":430878,"firstName":"CARLOS","enabledUsePersonalDataDate":"2017-08-28 00:00:00","sex":"F","accountClass":"CREDIT","plasticCardStatus":"ACTIVE","identificationTypeId":3,"productClass":"C","cardType":"A","customerSegmentDescription":"CLIENTE P.H.","customerClass":"P","cardId":"6520010231078996","lastName2":"MUÑOZ","lastName1":"SALGADO","birthDate":"1969-12-04 00:00:00","celphoneNumber":"5517849955","lastEmailAddress":"ANTTONIOMONTANNA@HOTMAIL.COM","identificationNumber":"SAMC691204","customerType":"C","productId":2,"accountId":1067712,"maritalStatus":"M","plasticCardBillingLevel":1,"cardProfileDescription":"Vcto. :60 /  Renov :60 /  Permite Renov :T","customerSegmentId":1,"merchantInd":"F","aliasName":"CARLOS SALGADO MUÑOZ","cardProfileId":1,"identificationTypeDescription":"R.F.C."},{"productDescription":"CREDITO CLASICA","customerId":430878,"firstName":"CARLOS","enabledUsePersonalDataDate":"2017-08-28 00:00:00","sex":"F","accountClass":"CREDIT","plasticCardStatus":"CANCEL","identificationTypeId":3,"productClass":"C","cardType":"A","customerSegmentDescription":"CLIENTE P.H.","customerClass":"P","cardId":"6520010238035429","lastName2":"MUÑOZ","lastName1":"SALGADO","birthDate":"1969-12-04 00:00:00","celphoneNumber":"5517849955","lastEmailAddress":"ANTTONIOMONTANNA@HOTMAIL.COM","identificationNumber":"SAMC691204","customerType":"C","productId":2,"accountId":861881,"maritalStatus":"M","plasticCardBillingLevel":1,"cardProfileDescription":"Vcto. :60 /  Renov :60 /  Permite Renov :T","customerSegmentId":1,"merchantInd":"F","aliasName":"CARLOS SALGADO MUÑOZ","cardProfileId":1,"identificationTypeDescription":"R.F.C."},{"productDescription":"CHIP CREDITO CLASICA","customerId":430878,"firstName":"CARLOS","enabledUsePersonalDataDate":"2017-08-28 00:00:00","sex":"F","accountClass":"CREDIT","plasticCardStatus":"CANCEL","identificationTypeId":3,"productClass":"C","cardType":"A","customerSegmentDescription":"CLIENTE P.H.","customerClass":"P","cardId":"6620010250485725","lastName2":"MUÑOZ","lastName1":"SALGADO","birthDate":"1969-12-04 00:00:00","celphoneNumber":"5517849955","lastEmailAddress":"ANTTONIOMONTANNA@HOTMAIL.COM","identificationNumber":"SAMC691204","customerType":"C","productId":10,"accountId":861881,"maritalStatus":"M","plasticCardBillingLevel":2,"cardProfileDescription":"Vcto. :60 /  Renov :60 /  Permite Renov :T","customerSegmentId":1,"merchantInd":"F","aliasName":"CARLOS SALGADO MUÑOZ","cardProfileId":1,"identificationTypeDescription":"R.F.C."},{"productDescription":"CHIP CREDITO CLASICA","customerId":430878,"firstName":"CARLOS","enabledUsePersonalDataDate":"2017-08-28 00:00:00","sex":"F","accountClass":"CREDIT","plasticCardStatus":"ACTIVE","identificationTypeId":3,"productClass":"C","cardType":"A","customerSegmentDescription":"CLIENTE P.H.","customerClass":"P","cardId":"6620010270296987","lastName2":"MUÑOZ","lastName1":"SALGADO","birthDate":"1969-12-04 00:00:00","celphoneNumber":"5517849955","lastEmailAddress":"ANTTONIOMONTANNA@HOTMAIL.COM","identificationNumber":"SAMC691204","customerType":"C","productId":10,"accountId":861881,"maritalStatus":"M","plasticCardBillingLevel":2,"cardProfileDescription":"Vcto. :60 /  Renov :60 /  Permite Renov :T","customerSegmentId":1,"merchantInd":"F","aliasName":"CARLOS SALGADO MUÑOZ","cardProfileId":1,"identificationTypeDescription":"R.F.C."}],"totalizedColumns":null}
[01-03-2024 14:05:35][INFORMACIÓN] Tarjeta activa principal no existente. Intentando con el siguiente nivel...
[01-03-2024 14:05:35][INFORMACIÓN] Sin coincidencias en la tarjeta.
[01-03-2024 14:05:35][INFORMACIÓN] Intentando conectar a la URL seleccionada...
[01-03-2024 14:05:35][ERROR] Error 93 TARJETA INVÁLIDA: java.lang.NullPointerException
[01-03-2024 14:05:35][INFORMACIÓN] Código de autorización: 0
[01-03-2024 14:07:35][INFORMACIÓN] Tarjeta a utilizar: 6832
[01-03-2024 14:07:35][INFORMACIÓN] URL seleccionada: 10.10.208.36 (DESARROLLO)
[01-03-2024 14:07:35][INFORMACIÓN] Intentando obtener el token de autenticación...
[01-03-2024 14:07:35][INFORMACIÓN] Token extraído correctamente.
[01-03-2024 14:07:35][INFORMACIÓN] Tarjeta a utilizar: 6832
[01-03-2024 14:07:35][ERROR] Error 91 CREDENCIALES INCORRECTAS: java.io.IOException: Server returned HTTP response code: 500 for URL: http://10.10.208.36:8080/Sunnel_Web/accounts_PH/searchConsolidateCustomerCard
[01-03-2024 14:07:35][ERROR] Error 90 SIN CONEXIÓN: java.lang.Exception
[01-03-2024 14:07:35][ERROR] Error al conectar a la URL: 10.10.208.36 (DESARROLLO)
