[05-03-2024 09:55:36][INFORMACIÓN] -------------------------
[05-03-2024 09:55:36][INFORMACIÓN] -------------------------
[05-03-2024 09:56:23][INFORMACIÓN] -------------------------
[05-03-2024 09:56:23][INFORMACIÓN] -------------------------
[05-03-2024 09:56:29][INFORMACIÓN] Tarjeta a utilizar: 1653
[05-03-2024 09:56:29][INFORMACIÓN] URL seleccionada: 10.10.1.7 (PRODUCCIÓN)
[05-03-2024 09:56:29][INFORMACIÓN] Intentando obtener el token de autenticación...
[05-03-2024 09:56:29][INFORMACIÓN] Token extraído correctamente.
[05-03-2024 09:56:29][INFORMACIÓN] Analizando tarjeta 1653...
[05-03-2024 09:56:29][INFORMACIÓN] RESPONSE: {"index":0,"sorting":null,"enableSorting":true,"numberRowsVisualized":2,"totalNumberRows":2,"data":[{"productDescription":"CHIP CREDITO CLASICA","customerId":2661078,"firstName":"INGRID ROSSANA","enabledUsePersonalDataDate":"2017-08-28 00:00:00","sex":"F","accountClass":"CREDIT","plasticCardStatus":"ACTIVE","identificationTypeId":3,"productClass":"C","cardType":"M","customerSegmentDescription":"CLIENTE P.H.","customerClass":"P","cardId":"6620010257951653","lastName2":"GONZALEZ","lastName1":"NAYEN","birthDate":"1985-11-06 00:00:00","celphoneNumber":"2291376397","lastEmailAddress":"ingrid_nayen@hotmail.com","identificationNumber":"NAGI851106","customerType":"C","productId":10,"accountId":1450335,"maritalStatus":"S","plasticCardBillingLevel":1,"cardProfileDescription":"Vcto. :60 /  Renov :60 /  Permite Renov :T","customerSegmentId":1,"merchantInd":"F","aliasName":"INGRID ROSSANA NAYEN GONZALEZ","cardProfileId":1,"identificationTypeDescription":"R.F.C."},{"productDescription":"CREDITO CLASICA","customerId":2661078,"firstName":"INGRID ROSSANA","enabledUsePersonalDataDate":"2017-08-28 00:00:00","sex":"F","accountClass":"LOYALTY","plasticCardStatus":"CANCEL","identificationTypeId":3,"productClass":"C","cardType":"M","customerSegmentDescription":"CLIENTE P.H.","customerClass":"P","cardId":"6520010233055778","lastName2":"GONZALEZ","lastName1":"NAYEN","birthDate":"1985-11-06 00:00:00","celphoneNumber":"2291376397","lastEmailAddress":"ingrid_nayen@hotmail.com","identificationNumber":"NAGI851106","customerType":"C","productId":2,"accountId":4321147,"maritalStatus":"S","customerSegmentId":1,"merchantInd":"F","aliasName":"INGRID ROSSANA NAYEN GONZALEZ","identificationTypeDescription":"R.F.C."}],"totalizedColumns":null}
[05-03-2024 09:56:29][INFORMACIÓN] Intentando conectar con la tarjeta: 1653
[05-03-2024 09:56:30][INFORMACIÓN] Consulta realizada exitosamente. Código de autorización: 00
[05-03-2024 09:57:06][INFORMACIÓN] Tarjeta a utilizar: 1661
[05-03-2024 09:57:06][INFORMACIÓN] URL seleccionada: 10.10.1.7 (PRODUCCIÓN)
[05-03-2024 09:57:06][INFORMACIÓN] Intentando obtener el token de autenticación...
[05-03-2024 09:57:07][INFORMACIÓN] Token extraído correctamente.
[05-03-2024 09:57:07][INFORMACIÓN] Analizando tarjeta 1661...
[05-03-2024 09:57:07][INFORMACIÓN] RESPONSE: {"index":0,"sorting":null,"enableSorting":true,"numberRowsVisualized":2,"totalNumberRows":2,"data":[{"productDescription":"CHIP CREDITO CLASICA","customerId":3757500,"firstName":"CRUZ","enabledUsePersonalDataDate":"2021-06-27 00:00:00","sex":"F","accountClass":"CREDIT","plasticCardStatus":"ACTIVE","identificationTypeId":3,"productClass":"C","cardType":"M","customerSegmentDescription":"CLIENTE P.H.","customerClass":"P","cardId":"6620010257951661","lastName2":"SAN PEDRO","lastName1":"MORALES","birthDate":"1967-05-03 00:00:00","celphoneNumber":"2215962264","lastEmailAddress":"meidi.msp3@gmail.com","identificationNumber":"MOSC670503SB1","customerType":"C","productId":10,"accountId":14282926,"maritalStatus":"D","plasticCardBillingLevel":1,"cardProfileDescription":"Vcto. :60 /  Renov :60 /  Permite Renov :T","customerSegmentId":1,"merchantInd":"F","aliasName":"CRUZ MORALES SAN PEDRO","cardProfileId":1,"identificationTypeDescription":"R.F.C."},{"productDescription":"CHIP CREDITO CLASICA","customerId":3757500,"firstName":"CRUZ","enabledUsePersonalDataDate":"2021-06-27 00:00:00","sex":"F","accountClass":"LOYALTY","plasticCardStatus":"ACTIVE","identificationTypeId":3,"productClass":"C","cardType":"M","customerSegmentDescription":"CLIENTE P.H.","customerClass":"P","cardId":"6620010257951661","lastName2":"SAN PEDRO","lastName1":"MORALES","birthDate":"1967-05-03 00:00:00","celphoneNumber":"2215962264","lastEmailAddress":"meidi.msp3@gmail.com","identificationNumber":"MOSC670503SB1","customerType":"C","productId":10,"accountId":14365226,"maritalStatus":"D","plasticCardBillingLevel":1,"cardProfileDescription":"Vcto. :60 /  Renov :60 /  Permite Renov :T","customerSegmentId":1,"merchantInd":"F","aliasName":"CRUZ MORALES SAN PEDRO","cardProfileId":1,"identificationTypeDescription":"R.F.C."}],"totalizedColumns":null}
[05-03-2024 09:57:07][INFORMACIÓN] Intentando conectar con la tarjeta: 1661
[05-03-2024 09:57:07][INFORMACIÓN] Consulta realizada exitosamente. Código de autorización: 00
